2025/04/22 15:04:00 Docker守护进程以root启动
2025/04/22 15:04:01 Docker未开启TCP端口
2025/04/22 15:04:01 特权容器有: 
2025/04/22 15:04:01 Docker 版本: 19.03.15
2025/04/22 15:04:01 API 版本: 1.40
2025/04/22 15:04:01 Go 版本: go1.13.15
2025/04/22 15:04:01 Git commit: 99e3ed8919
2025/04/22 15:04:01 操作系统: linux
2025/04/22 15:04:01 runc 版本: v1.2.5-0-g59923ef
2025/04/22 15:04:01 内核版本: 5.15.0-136-generic
2025/04/22 15:04:01 containerd 版本: 1.7.27
2025/04/22 15:04:01 漏洞匹配结果:
2025/04/22 15:04:01 []
2025/04/22 15:04:02 全部容器以非 root 用户运行
2025/04/22 15:04:02 ⚠️ 提示：容器挂载了敏感目录，但为只读模式
2025/04/22 15:04:02 容器: /k8s_kube-scheduler_kube-scheduler-k8s-master_kube-system_c5d366e1e12ff0c164fd0abebb6ad7a5_22
2025/04/22 15:04:02 挂载路径: /etc/kubernetes/scheduler.conf -> /etc/kubernetes/scheduler.conf
2025/04/22 15:04:02 挂载模式: RO
2025/04/22 15:04:02 
2025/04/22 15:04:02 ⚠️ 警告：容器挂载了敏感主机目录并具有读写权限！
2025/04/22 15:04:02 容器: /k8s_kube-scheduler_kube-scheduler-k8s-master_kube-system_c5d366e1e12ff0c164fd0abebb6ad7a5_22
2025/04/22 15:04:02 挂载路径: /var/lib/kubelet/pods/c5d366e1e12ff0c164fd0abebb6ad7a5/etc-hosts -> /etc/hosts
2025/04/22 15:04:02 挂载模式: RW
2025/04/22 15:04:02 
2025/04/22 15:04:02 ⚠️ 警告：容器挂载了敏感主机目录并具有读写权限！
2025/04/22 15:04:02 容器: /k8s_kube-scheduler_kube-scheduler-k8s-master_kube-system_c5d366e1e12ff0c164fd0abebb6ad7a5_22
2025/04/22 15:04:02 挂载路径: /var/lib/kubelet/pods/c5d366e1e12ff0c164fd0abebb6ad7a5/containers/kube-scheduler/9bb0cad5 -> /dev/termination-log
2025/04/22 15:04:02 挂载模式: RW
2025/04/22 15:04:02 
2025/04/22 15:04:02 ⚠️ 提示：容器挂载了敏感目录，但为只读模式
2025/04/22 15:04:02 容器: /k8s_kube-controller-manager_kube-controller-manager-k8s-master_kube-system_027574c49950cccfbc76a3d052808899_21
2025/04/22 15:04:02 挂载路径: /etc/ca-certificates -> /etc/ca-certificates
2025/04/22 15:04:02 挂载模式: RO
2025/04/22 15:04:02 
2025/04/22 15:04:02 ⚠️ 提示：容器挂载了敏感目录，但为只读模式
2025/04/22 15:04:02 容器: /k8s_kube-controller-manager_kube-controller-manager-k8s-master_kube-system_027574c49950cccfbc76a3d052808899_21
2025/04/22 15:04:02 挂载路径: /etc/kubernetes/controller-manager.conf -> /etc/kubernetes/controller-manager.conf
2025/04/22 15:04:02 挂载模式: RO
2025/04/22 15:04:02 
2025/04/22 15:04:02 ⚠️ 警告：容器挂载了敏感主机目录并具有读写权限！
2025/04/22 15:04:02 容器: /k8s_kube-controller-manager_kube-controller-manager-k8s-master_kube-system_027574c49950cccfbc76a3d052808899_21
2025/04/22 15:04:02 挂载路径: /var/lib/kubelet/pods/027574c49950cccfbc76a3d052808899/containers/kube-controller-manager/c82f6fea -> /dev/termination-log
2025/04/22 15:04:02 挂载模式: RW
2025/04/22 15:04:02 
2025/04/22 15:04:02 ⚠️ 提示：容器挂载了敏感目录，但为只读模式
2025/04/22 15:04:02 容器: /k8s_kube-controller-manager_kube-controller-manager-k8s-master_kube-system_027574c49950cccfbc76a3d052808899_21
2025/04/22 15:04:02 挂载路径: /usr/local/share/ca-certificates -> /usr/local/share/ca-certificates
2025/04/22 15:04:02 挂载模式: RO
2025/04/22 15:04:02 
2025/04/22 15:04:02 ⚠️ 提示：容器挂载了敏感目录，但为只读模式
2025/04/22 15:04:02 容器: /k8s_kube-controller-manager_kube-controller-manager-k8s-master_kube-system_027574c49950cccfbc76a3d052808899_21
2025/04/22 15:04:02 挂载路径: /usr/share/ca-certificates -> /usr/share/ca-certificates
2025/04/22 15:04:02 挂载模式: RO
2025/04/22 15:04:02 
2025/04/22 15:04:02 ⚠️ 警告：容器挂载了敏感主机目录并具有读写权限！
2025/04/22 15:04:02 容器: /k8s_kube-controller-manager_kube-controller-manager-k8s-master_kube-system_027574c49950cccfbc76a3d052808899_21
2025/04/22 15:04:02 挂载路径: /var/lib/kubelet/pods/027574c49950cccfbc76a3d052808899/etc-hosts -> /etc/hosts
2025/04/22 15:04:02 挂载模式: RW
2025/04/22 15:04:02 
2025/04/22 15:04:02 ⚠️ 提示：容器挂载了敏感目录，但为只读模式
2025/04/22 15:04:02 容器: /k8s_kube-controller-manager_kube-controller-manager-k8s-master_kube-system_027574c49950cccfbc76a3d052808899_21
2025/04/22 15:04:02 挂载路径: /etc/ssl/certs -> /etc/ssl/certs
2025/04/22 15:04:02 挂载模式: RO
2025/04/22 15:04:02 
2025/04/22 15:04:02 ⚠️ 提示：容器挂载了敏感目录，但为只读模式
2025/04/22 15:04:02 容器: /k8s_kube-controller-manager_kube-controller-manager-k8s-master_kube-system_027574c49950cccfbc76a3d052808899_21
2025/04/22 15:04:02 挂载路径: /etc/pki -> /etc/pki
2025/04/22 15:04:02 挂载模式: RO
2025/04/22 15:04:02 
2025/04/22 15:04:02 ⚠️ 警告：容器挂载了敏感主机目录并具有读写权限！
2025/04/22 15:04:02 容器: /k8s_kube-controller-manager_kube-controller-manager-k8s-master_kube-system_027574c49950cccfbc76a3d052808899_21
2025/04/22 15:04:02 挂载路径: /usr/libexec/kubernetes/kubelet-plugins/volume/exec -> /usr/libexec/kubernetes/kubelet-plugins/volume/exec
2025/04/22 15:04:02 挂载模式: RW
2025/04/22 15:04:02 
2025/04/22 15:04:02 ⚠️ 提示：容器挂载了敏感目录，但为只读模式
2025/04/22 15:04:02 容器: /k8s_kube-controller-manager_kube-controller-manager-k8s-master_kube-system_027574c49950cccfbc76a3d052808899_21
2025/04/22 15:04:02 挂载路径: /etc/kubernetes/pki -> /etc/kubernetes/pki
2025/04/22 15:04:02 挂载模式: RO
2025/04/22 15:04:02 
2025/04/22 15:04:02 ⚠️ 警告：容器挂载了敏感主机目录并具有读写权限！
2025/04/22 15:04:02 容器: /k8s_kube-apiserver_kube-apiserver-k8s-master_kube-system_ac5745dc697758c0511c6dbc702dcfeb_2
2025/04/22 15:04:02 挂载路径: /var/lib/kubelet/pods/ac5745dc697758c0511c6dbc702dcfeb/containers/kube-apiserver/00a86f60 -> /dev/termination-log
2025/04/22 15:04:02 挂载模式: RW
2025/04/22 15:04:02 
2025/04/22 15:04:02 ⚠️ 提示：容器挂载了敏感目录，但为只读模式
2025/04/22 15:04:02 容器: /k8s_kube-apiserver_kube-apiserver-k8s-master_kube-system_ac5745dc697758c0511c6dbc702dcfeb_2
2025/04/22 15:04:02 挂载路径: /etc/ssl/certs -> /etc/ssl/certs
2025/04/22 15:04:02 挂载模式: RO
2025/04/22 15:04:02 
2025/04/22 15:04:02 ⚠️ 提示：容器挂载了敏感目录，但为只读模式
2025/04/22 15:04:02 容器: /k8s_kube-apiserver_kube-apiserver-k8s-master_kube-system_ac5745dc697758c0511c6dbc702dcfeb_2
2025/04/22 15:04:02 挂载路径: /etc/ca-certificates -> /etc/ca-certificates
2025/04/22 15:04:02 挂载模式: RO
2025/04/22 15:04:02 
2025/04/22 15:04:02 ⚠️ 提示：容器挂载了敏感目录，但为只读模式
2025/04/22 15:04:02 容器: /k8s_kube-apiserver_kube-apiserver-k8s-master_kube-system_ac5745dc697758c0511c6dbc702dcfeb_2
2025/04/22 15:04:02 挂载路径: /etc/pki -> /etc/pki
2025/04/22 15:04:02 挂载模式: RO
2025/04/22 15:04:02 
2025/04/22 15:04:02 ⚠️ 提示：容器挂载了敏感目录，但为只读模式
2025/04/22 15:04:02 容器: /k8s_kube-apiserver_kube-apiserver-k8s-master_kube-system_ac5745dc697758c0511c6dbc702dcfeb_2
2025/04/22 15:04:02 挂载路径: /etc/kubernetes/pki -> /etc/kubernetes/pki
2025/04/22 15:04:02 挂载模式: RO
2025/04/22 15:04:02 
2025/04/22 15:04:02 ⚠️ 提示：容器挂载了敏感目录，但为只读模式
2025/04/22 15:04:02 容器: /k8s_kube-apiserver_kube-apiserver-k8s-master_kube-system_ac5745dc697758c0511c6dbc702dcfeb_2
2025/04/22 15:04:02 挂载路径: /usr/local/share/ca-certificates -> /usr/local/share/ca-certificates
2025/04/22 15:04:02 挂载模式: RO
2025/04/22 15:04:02 
2025/04/22 15:04:02 ⚠️ 提示：容器挂载了敏感目录，但为只读模式
2025/04/22 15:04:02 容器: /k8s_kube-apiserver_kube-apiserver-k8s-master_kube-system_ac5745dc697758c0511c6dbc702dcfeb_2
2025/04/22 15:04:02 挂载路径: /usr/share/ca-certificates -> /usr/share/ca-certificates
2025/04/22 15:04:02 挂载模式: RO
2025/04/22 15:04:02 
2025/04/22 15:04:02 ⚠️ 警告：容器挂载了敏感主机目录并具有读写权限！
2025/04/22 15:04:02 容器: /k8s_kube-apiserver_kube-apiserver-k8s-master_kube-system_ac5745dc697758c0511c6dbc702dcfeb_2
2025/04/22 15:04:02 挂载路径: /var/lib/kubelet/pods/ac5745dc697758c0511c6dbc702dcfeb/etc-hosts -> /etc/hosts
2025/04/22 15:04:02 挂载模式: RW
2025/04/22 15:04:02 
2025/04/22 15:04:02 ⚠️ 警告：容器挂载了敏感主机目录并具有读写权限！
2025/04/22 15:04:02 容器: /k8s_etcd_etcd-ubuntu_kube-system_89559215c90e8fc822811ecf8bf3f014_0
2025/04/22 15:04:02 挂载路径: /etc/kubernetes/pki/etcd -> /etc/kubernetes/pki/etcd
2025/04/22 15:04:02 挂载模式: RW
2025/04/22 15:04:02 
2025/04/22 15:04:02 ⚠️ 警告：容器挂载了敏感主机目录并具有读写权限！
2025/04/22 15:04:02 容器: /k8s_etcd_etcd-ubuntu_kube-system_89559215c90e8fc822811ecf8bf3f014_0
2025/04/22 15:04:02 挂载路径: /var/lib/kubelet/pods/89559215c90e8fc822811ecf8bf3f014/etc-hosts -> /etc/hosts
2025/04/22 15:04:02 挂载模式: RW
2025/04/22 15:04:02 
2025/04/22 15:04:02 ⚠️ 警告：容器挂载了敏感主机目录并具有读写权限！
2025/04/22 15:04:02 容器: /k8s_etcd_etcd-ubuntu_kube-system_89559215c90e8fc822811ecf8bf3f014_0
2025/04/22 15:04:02 挂载路径: /var/lib/kubelet/pods/89559215c90e8fc822811ecf8bf3f014/containers/etcd/4e4a5c88 -> /dev/termination-log
2025/04/22 15:04:02 挂载模式: RW
2025/04/22 15:04:02 
2025/04/22 15:04:02 ⚠️ 警告：容器挂载了敏感主机目录并具有读写权限！
2025/04/22 15:04:02 容器: /k8s_etcd_etcd-ubuntu_kube-system_89559215c90e8fc822811ecf8bf3f014_0
2025/04/22 15:04:02 挂载路径: /var/lib/etcd -> /var/lib/etcd
2025/04/22 15:04:02 挂载模式: RW
2025/04/22 15:04:02 
