2025/04/21 14:25:43 Docker 高危启动参数 - 特权模式启动容器 漏洞不存在
2025/04/21 14:25:43 ----------------------
2025/04/21 14:25:43 挂载Docker Socket逃逸 漏洞不存在
2025/04/21 14:25:43 ----------------------
2025/04/21 14:25:43 挂载宿主机 procfs 逃逸 漏洞不存在
2025/04/21 14:25:43 ----------------------
2025/04/21 14:25:44 CVE-2024-21626 漏洞不存在
2025/04/21 14:25:44 ----------------------
2025/04/21 14:25:44 CVE-2022-0492 漏洞不存在
2025/04/21 14:25:44 ----------------------
2025/04/21 14:25:44 CAP_SYS_MODULE逃逸 漏洞不存在
2025/04/21 14:25:44 ----------------------
2025/04/21 14:25:44 CVE-2019-5736 漏洞不存在
2025/04/21 14:25:44 ----------------------
2025/04/21 14:25:45 Docker 高危启动参数 - 特权模式启动容器 漏洞不存在
2025/04/21 14:25:45 ----------------------
2025/04/21 14:25:45 挂载Docker Socket逃逸 漏洞不存在
2025/04/21 14:25:45 ----------------------
2025/04/21 14:25:45 挂载宿主机 procfs 逃逸 漏洞不存在
2025/04/21 14:25:45 ----------------------
2025/04/21 14:25:45 CVE-2024-21626 漏洞不存在
2025/04/21 14:25:45 ----------------------
2025/04/21 14:25:45 CVE-2022-0492 漏洞不存在
2025/04/21 14:25:45 ----------------------
2025/04/21 14:25:46 CAP_SYS_MODULE逃逸 漏洞不存在
2025/04/21 14:25:46 ----------------------
2025/04/21 14:25:46 CVE-2019-5736 漏洞不存在
2025/04/21 14:25:46 ----------------------
