2025/04/17 16:24:23 Docker 高危启动参数 - 特权模式启动容器 漏洞不存在
2025/04/17 16:24:23 ----------------------
2025/04/17 16:24:24 挂载Docker Socket逃逸 漏洞不存在
2025/04/17 16:24:24 ----------------------
2025/04/17 16:24:24 挂载宿主机 procfs 逃逸 漏洞不存在
2025/04/17 16:24:24 ----------------------
2025/04/17 16:24:24 CVE-2024-21626 漏洞不存在
2025/04/17 16:24:24 ----------------------
2025/04/17 16:24:24 CVE-2022-0492 漏洞不存在
2025/04/17 16:24:24 ----------------------
2025/04/17 16:24:24 CAP_SYS_MODULE逃逸 漏洞不存在
2025/04/17 16:24:24 ----------------------
2025/04/17 16:24:25 CVE-2019-5736 漏洞不存在
2025/04/17 16:24:25 ----------------------
2025/04/17 16:24:25 Docker 高危启动参数 - 特权模式启动容器 漏洞不存在
2025/04/17 16:24:25 ----------------------
2025/04/17 16:24:25 挂载Docker Socket逃逸 漏洞不存在
2025/04/17 16:24:25 ----------------------
2025/04/17 16:24:25 挂载宿主机 procfs 逃逸 漏洞不存在
2025/04/17 16:24:25 ----------------------
2025/04/17 16:24:25 CVE-2024-21626 漏洞不存在
2025/04/17 16:24:25 ----------------------
2025/04/17 16:24:25 CVE-2022-0492 漏洞不存在
2025/04/17 16:24:25 ----------------------
2025/04/17 16:24:26 CAP_SYS_MODULE逃逸 漏洞不存在
2025/04/17 16:24:26 ----------------------
2025/04/17 16:24:26 CVE-2019-5736 漏洞不存在
2025/04/17 16:24:26 ----------------------
