2025/04/16 10:39:53 Docker 高危启动参数 - 特权模式启动容器 漏洞不存在
2025/04/16 10:39:53 ----------------------
2025/04/16 10:39:53 挂载Docker Socket逃逸 漏洞不存在
2025/04/16 10:39:53 ----------------------
2025/04/16 10:39:53 挂载宿主机 procfs 逃逸 漏洞不存在
2025/04/16 10:39:53 ----------------------
2025/04/16 10:39:53 CVE-2024-21626 漏洞不存在
2025/04/16 10:39:53 ----------------------
2025/04/16 10:39:53 CVE-2022-0492 漏洞不存在
2025/04/16 10:39:53 ----------------------
2025/04/16 10:39:53 CAP_SYS_MODULE逃逸 漏洞不存在
2025/04/16 10:39:53 ----------------------
2025/04/16 10:39:54 CVE-2019-5736 漏洞不存在
2025/04/16 10:39:54 ----------------------
2025/04/16 10:39:54 Docker 高危启动参数 - 特权模式启动容器 漏洞不存在
2025/04/16 10:39:54 ----------------------
2025/04/16 10:39:54 挂载Docker Socket逃逸 漏洞不存在
2025/04/16 10:39:54 ----------------------
2025/04/16 10:39:54 挂载宿主机 procfs 逃逸 漏洞不存在
2025/04/16 10:39:54 ----------------------
2025/04/16 10:39:54 CVE-2024-21626 漏洞不存在
2025/04/16 10:39:54 ----------------------
2025/04/16 10:39:55 CVE-2022-0492 漏洞不存在
2025/04/16 10:39:55 ----------------------
2025/04/16 10:39:55 CAP_SYS_MODULE逃逸 漏洞不存在
2025/04/16 10:39:55 ----------------------
2025/04/16 10:39:55 CVE-2019-5736 漏洞不存在
2025/04/16 10:39:55 ----------------------
