2025/04/17 16:47:41 Docker 高危启动参数 - 特权模式启动容器 漏洞不存在
2025/04/17 16:47:41 ----------------------
2025/04/17 16:47:43 挂载Docker Socket逃逸 漏洞不存在
2025/04/17 16:47:43 ----------------------
2025/04/17 16:47:48 挂载宿主机 procfs 逃逸 漏洞不存在
2025/04/17 16:47:48 ----------------------
2025/04/17 16:47:48 CVE-2024-21626 漏洞不存在
2025/04/17 16:47:48 ----------------------
2025/04/17 16:47:49 CVE-2022-0492 漏洞不存在
2025/04/17 16:47:49 ----------------------
2025/04/17 16:47:49 ----------------------
2025/04/17 16:47:49 漏洞名: CAP_SYS_MODULE逃逸
描述: 从 Linux 2.2 开始，Linux 将传统上与超级用户相关的权限划分为不同的单元，称为能力(capabilities)。 能力是每个线程的属性，可以独立启用或禁用。其中CAP_SYS_MODULE允许进程可以通过init_module()和delete_module()系统调用来加载和卸载内核模块。由于内核模块具有内核态命令执行权限，该能力是关键能力之一。
2025/04/17 16:47:49 该漏洞可能存在
2025/04/17 16:47:49 ----------------------
2025/04/17 16:47:50 CVE-2019-5736 漏洞不存在
2025/04/17 16:47:50 ----------------------
2025/04/17 16:47:50 CAP_SYS_MODULE 权限逃逸
2025/04/17 16:47:52 Docker 高危启动参数 - 特权模式启动容器 漏洞不存在
2025/04/17 16:47:52 ----------------------
2025/04/17 16:47:52 挂载Docker Socket逃逸 漏洞不存在
2025/04/17 16:47:52 ----------------------
2025/04/17 16:23:43 挂载宿主机 procfs 逃逸 漏洞不存在
2025/04/17 16:23:43 ----------------------
2025/04/17 16:23:43 CVE-2024-21626 漏洞不存在
2025/04/17 16:23:43 ----------------------
2025/04/17 16:23:44 CVE-2022-0492 漏洞不存在
2025/04/17 16:23:44 ----------------------
2025/04/17 16:23:44 ----------------------
2025/04/17 16:23:44 漏洞名: CAP_SYS_MODULE逃逸
描述: 从 Linux 2.2 开始，Linux 将传统上与超级用户相关的权限划分为不同的单元，称为能力(capabilities)。 能力是每个线程的属性，可以独立启用或禁用。其中CAP_SYS_MODULE允许进程可以通过init_module()和delete_module()系统调用来加载和卸载内核模块。由于内核模块具有内核态命令执行权限，该能力是关键能力之一。
2025/04/17 16:23:44 该漏洞可能存在
2025/04/17 16:23:44 ----------------------
2025/04/17 16:23:44 CVE-2019-5736 漏洞不存在
2025/04/17 16:23:44 ----------------------
