2025/04/17 16:23:45 Docker 高危启动参数 - 特权模式启动容器 漏洞不存在
2025/04/17 16:23:45 ----------------------
2025/04/17 16:23:45 挂载Docker Socket逃逸 漏洞不存在
2025/04/17 16:23:45 ----------------------
2025/04/17 16:23:45 挂载宿主机 procfs 逃逸 漏洞不存在
2025/04/17 16:23:45 ----------------------
2025/04/17 16:23:45 CVE-2024-21626 漏洞不存在
2025/04/17 16:23:45 ----------------------
2025/04/17 16:23:45 CVE-2022-0492 漏洞不存在
2025/04/17 16:23:45 ----------------------
2025/04/17 16:23:45 CAP_SYS_MODULE逃逸 漏洞不存在
2025/04/17 16:23:45 ----------------------
2025/04/17 16:23:46 CVE-2019-5736 漏洞不存在
2025/04/17 16:23:46 ----------------------
2025/04/17 16:23:46 Docker 高危启动参数 - 特权模式启动容器 漏洞不存在
2025/04/17 16:23:46 ----------------------
2025/04/17 16:23:46 挂载Docker Socket逃逸 漏洞不存在
2025/04/17 16:23:46 ----------------------
2025/04/17 16:23:46 挂载宿主机 procfs 逃逸 漏洞不存在
2025/04/17 16:23:46 ----------------------
2025/04/17 16:23:46 CVE-2024-21626 漏洞不存在
2025/04/17 16:23:46 ----------------------
2025/04/17 16:23:46 CVE-2022-0492 漏洞不存在
2025/04/17 16:23:46 ----------------------
2025/04/17 16:23:46 CAP_SYS_MODULE逃逸 漏洞不存在
2025/04/17 16:23:46 ----------------------
2025/04/17 16:23:47 CVE-2019-5736 漏洞不存在
2025/04/17 16:23:47 ----------------------
