2025/04/21 14:25:40 Docker 高危启动参数 - 特权模式启动容器 漏洞不存在
2025/04/21 14:25:40 ----------------------
2025/04/21 14:25:40 挂载Docker Socket逃逸 漏洞不存在
2025/04/21 14:25:40 ----------------------
2025/04/21 14:25:40 挂载宿主机 procfs 逃逸 漏洞不存在
2025/04/21 14:25:40 ----------------------
2025/04/21 14:25:40 CVE-2024-21626 漏洞不存在
2025/04/21 14:25:40 ----------------------
2025/04/21 14:25:41 CVE-2022-0492 漏洞不存在
2025/04/21 14:25:41 ----------------------
2025/04/21 14:25:41 CAP_SYS_MODULE逃逸 漏洞不存在
2025/04/21 14:25:41 ----------------------
2025/04/21 14:25:41 CVE-2019-5736 漏洞不存在
2025/04/21 14:25:41 ----------------------
2025/04/21 14:25:41 Docker 高危启动参数 - 特权模式启动容器 漏洞不存在
2025/04/21 14:25:41 ----------------------
2025/04/21 14:25:41 挂载Docker Socket逃逸 漏洞不存在
2025/04/21 14:25:41 ----------------------
2025/04/21 14:25:42 挂载宿主机 procfs 逃逸 漏洞不存在
2025/04/21 14:25:42 ----------------------
2025/04/21 14:25:42 CVE-2024-21626 漏洞不存在
2025/04/21 14:25:42 ----------------------
2025/04/21 14:25:42 CVE-2022-0492 漏洞不存在
2025/04/21 14:25:42 ----------------------
2025/04/21 14:25:42 CAP_SYS_MODULE逃逸 漏洞不存在
2025/04/21 14:25:42 ----------------------
2025/04/21 14:25:43 CVE-2019-5736 漏洞不存在
2025/04/21 14:25:43 ----------------------
