2025/04/17 16:24:27 Docker 高危启动参数 - 特权模式启动容器 漏洞不存在
2025/04/17 16:24:27 ----------------------
2025/04/17 16:24:28 挂载Docker Socket逃逸 漏洞不存在
2025/04/17 16:24:28 ----------------------
2025/04/17 16:24:28 挂载宿主机 procfs 逃逸 漏洞不存在
2025/04/17 16:24:28 ----------------------
2025/04/17 16:24:28 CVE-2024-21626 漏洞不存在
2025/04/17 16:24:28 ----------------------
2025/04/17 16:24:28 CVE-2022-0492 漏洞不存在
2025/04/17 16:24:28 ----------------------
2025/04/17 16:24:29 CAP_SYS_MODULE逃逸 漏洞不存在
2025/04/17 16:24:29 ----------------------
2025/04/17 16:24:29 CVE-2019-5736 漏洞不存在
2025/04/17 16:24:29 ----------------------
2025/04/17 16:24:29 Docker 高危启动参数 - 特权模式启动容器 漏洞不存在
2025/04/17 16:24:29 ----------------------
2025/04/17 16:24:30 挂载Docker Socket逃逸 漏洞不存在
2025/04/17 16:24:30 ----------------------
2025/04/17 16:24:30 挂载宿主机 procfs 逃逸 漏洞不存在
2025/04/17 16:24:30 ----------------------
2025/04/17 16:24:30 CVE-2024-21626 漏洞不存在
2025/04/17 16:24:30 ----------------------
2025/04/17 16:24:30 CVE-2022-0492 漏洞不存在
2025/04/17 16:24:30 ----------------------
2025/04/17 16:24:30 CAP_SYS_MODULE逃逸 漏洞不存在
2025/04/17 16:24:30 ----------------------
2025/04/17 16:24:31 CVE-2019-5736 漏洞不存在
2025/04/17 16:24:31 ----------------------
