2025/04/21 14:25:54 Docker 高危启动参数 - 特权模式启动容器 漏洞不存在
2025/04/21 14:25:54 ----------------------
2025/04/21 14:25:54 挂载Docker Socket逃逸 漏洞不存在
2025/04/21 14:25:54 ----------------------
2025/04/21 14:25:54 挂载宿主机 procfs 逃逸 漏洞不存在
2025/04/21 14:25:54 ----------------------
2025/04/21 14:25:55 CVE-2024-21626 漏洞不存在
2025/04/21 14:25:55 ----------------------
2025/04/21 14:25:55 CVE-2022-0492 漏洞不存在
2025/04/21 14:25:55 ----------------------
2025/04/21 14:25:55 CAP_SYS_MODULE逃逸 漏洞不存在
2025/04/21 14:25:55 ----------------------
2025/04/21 14:25:55 CVE-2019-5736 漏洞不存在
2025/04/21 14:25:55 ----------------------
2025/04/21 14:25:56 Docker 高危启动参数 - 特权模式启动容器 漏洞不存在
2025/04/21 14:25:56 ----------------------
2025/04/21 14:25:56 挂载Docker Socket逃逸 漏洞不存在
2025/04/21 14:25:56 ----------------------
2025/04/21 14:25:56 挂载宿主机 procfs 逃逸 漏洞不存在
2025/04/21 14:25:56 ----------------------
2025/04/21 14:25:56 CVE-2024-21626 漏洞不存在
2025/04/21 14:25:56 ----------------------
2025/04/21 14:25:56 CVE-2022-0492 漏洞不存在
2025/04/21 14:25:56 ----------------------
2025/04/21 14:25:56 CAP_SYS_MODULE逃逸 漏洞不存在
2025/04/21 14:25:56 ----------------------
2025/04/21 14:25:57 CVE-2019-5736 漏洞不存在
2025/04/21 14:25:57 ----------------------
