2025/04/21 14:25:57 Docker 高危启动参数 - 特权模式启动容器 漏洞不存在
2025/04/21 14:25:57 ----------------------
2025/04/21 14:25:57 挂载Docker Socket逃逸 漏洞不存在
2025/04/21 14:25:57 ----------------------
2025/04/21 14:25:57 挂载宿主机 procfs 逃逸 漏洞不存在
2025/04/21 14:25:57 ----------------------
2025/04/21 14:25:58 CVE-2024-21626 漏洞不存在
2025/04/21 14:25:58 ----------------------
2025/04/21 14:25:58 CVE-2022-0492 漏洞不存在
2025/04/21 14:25:58 ----------------------
2025/04/21 14:25:58 CAP_SYS_MODULE逃逸 漏洞不存在
2025/04/21 14:25:58 ----------------------
2025/04/21 14:25:58 CVE-2019-5736 漏洞不存在
2025/04/21 14:25:58 ----------------------
2025/04/21 14:25:58 Docker 高危启动参数 - 特权模式启动容器 漏洞不存在
2025/04/21 14:25:58 ----------------------
2025/04/21 14:25:58 挂载Docker Socket逃逸 漏洞不存在
2025/04/21 14:25:58 ----------------------
2025/04/21 14:25:59 挂载宿主机 procfs 逃逸 漏洞不存在
2025/04/21 14:25:59 ----------------------
2025/04/21 14:25:59 CVE-2024-21626 漏洞不存在
2025/04/21 14:25:59 ----------------------
2025/04/21 14:25:59 CVE-2022-0492 漏洞不存在
2025/04/21 14:25:59 ----------------------
2025/04/21 14:25:59 CAP_SYS_MODULE逃逸 漏洞不存在
2025/04/21 14:25:59 ----------------------
2025/04/21 14:25:59 CVE-2019-5736 漏洞不存在
2025/04/21 14:25:59 ----------------------
