2025/04/16 10:39:55 Docker 高危启动参数 - 特权模式启动容器 漏洞不存在
2025/04/16 10:39:55 ----------------------
2025/04/16 10:39:55 挂载Docker Socket逃逸 漏洞不存在
2025/04/16 10:39:55 ----------------------
2025/04/16 10:39:57 挂载宿主机 procfs 逃逸 漏洞不存在
2025/04/16 10:39:57 ----------------------
2025/04/16 10:39:57 CVE-2024-21626 漏洞不存在
2025/04/16 10:39:57 ----------------------
2025/04/16 10:39:58 CVE-2022-0492 漏洞不存在
2025/04/16 10:39:58 ----------------------
2025/04/16 10:39:58 CAP_SYS_MODULE逃逸 漏洞不存在
2025/04/16 10:39:58 ----------------------
2025/04/16 10:39:58 CVE-2019-5736 漏洞不存在
2025/04/16 10:39:58 ----------------------
2025/04/16 10:39:58 Docker 高危启动参数 - 特权模式启动容器 漏洞不存在
2025/04/16 10:39:58 ----------------------
2025/04/16 10:39:59 挂载Docker Socket逃逸 漏洞不存在
2025/04/16 10:39:59 ----------------------
2025/04/16 10:40:00 挂载宿主机 procfs 逃逸 漏洞不存在
2025/04/16 10:40:00 ----------------------
2025/04/16 10:40:01 CVE-2024-21626 漏洞不存在
2025/04/16 10:40:01 ----------------------
2025/04/16 10:40:01 CVE-2022-0492 漏洞不存在
2025/04/16 10:40:01 ----------------------
2025/04/16 10:40:01 CAP_SYS_MODULE逃逸 漏洞不存在
2025/04/16 10:40:01 ----------------------
2025/04/16 10:40:01 CVE-2019-5736 漏洞不存在
2025/04/16 10:40:01 ----------------------
