2025/04/16 14:00:08 Docker 高危启动参数 - 特权模式启动容器 漏洞不存在
2025/04/16 14:00:08 ----------------------
2025/04/16 14:00:09 挂载Docker Socket逃逸 漏洞不存在
2025/04/16 14:00:09 ----------------------
2025/04/16 14:00:13 挂载宿主机 procfs 逃逸 漏洞不存在
2025/04/16 14:00:13 ----------------------
2025/04/16 14:00:13 CVE-2024-21626 漏洞不存在
2025/04/16 14:00:13 ----------------------
2025/04/16 14:00:14 CVE-2022-0492 漏洞不存在
2025/04/16 14:00:14 ----------------------
2025/04/16 14:00:14 ----------------------
2025/04/16 14:00:14 漏洞名: CAP_SYS_MODULE逃逸
描述: 从 Linux 2.2 开始，Linux 将传统上与超级用户相关的权限划分为不同的单元，称为能力(capabilities)。 能力是每个线程的属性，可以独立启用或禁用。其中CAP_SYS_MODULE允许进程可以通过init_module()和delete_module()系统调用来加载和卸载内核模块。由于内核模块具有内核态命令执行权限，该能力是关键能力之一。
2025/04/16 14:00:14 该漏洞可能存在
2025/04/16 14:00:14 ----------------------
2025/04/16 14:00:15 CVE-2019-5736 漏洞不存在
2025/04/16 14:00:15 ----------------------
2025/04/16 14:00:15 CAP_SYS_MODULE 权限逃逸
2025/04/16 14:00:17 Docker 高危启动参数 - 特权模式启动容器 漏洞不存在
2025/04/16 14:00:17 ----------------------
2025/04/16 14:00:17 挂载Docker Socket逃逸 漏洞不存在
2025/04/16 14:00:17 ----------------------
2025/04/16 14:00:20 挂载宿主机 procfs 逃逸 漏洞不存在
2025/04/16 14:00:20 ----------------------
2025/04/16 14:00:20 CVE-2024-21626 漏洞不存在
2025/04/16 14:00:20 ----------------------
2025/04/16 14:00:20 CVE-2022-0492 漏洞不存在
2025/04/16 14:00:20 ----------------------
2025/04/16 14:00:21 ----------------------
2025/04/16 14:00:21 漏洞名: CAP_SYS_MODULE逃逸
描述: 从 Linux 2.2 开始，Linux 将传统上与超级用户相关的权限划分为不同的单元，称为能力(capabilities)。 能力是每个线程的属性，可以独立启用或禁用。其中CAP_SYS_MODULE允许进程可以通过init_module()和delete_module()系统调用来加载和卸载内核模块。由于内核模块具有内核态命令执行权限，该能力是关键能力之一。
2025/04/16 14:00:21 该漏洞可能存在
2025/04/16 14:00:21 ----------------------
2025/04/16 14:00:21 CVE-2019-5736 漏洞不存在
2025/04/16 14:00:21 ----------------------
