2025/04/21 14:25:50 Docker 高危启动参数 - 特权模式启动容器 漏洞不存在
2025/04/21 14:25:50 ----------------------
2025/04/21 14:25:50 挂载Docker Socket逃逸 漏洞不存在
2025/04/21 14:25:50 ----------------------
2025/04/21 14:25:51 挂载宿主机 procfs 逃逸 漏洞不存在
2025/04/21 14:25:51 ----------------------
2025/04/21 14:25:51 CVE-2024-21626 漏洞不存在
2025/04/21 14:25:51 ----------------------
2025/04/21 14:25:51 CVE-2022-0492 漏洞不存在
2025/04/21 14:25:51 ----------------------
2025/04/21 14:25:51 CAP_SYS_MODULE逃逸 漏洞不存在
2025/04/21 14:25:51 ----------------------
2025/04/21 14:25:52 CVE-2019-5736 漏洞不存在
2025/04/21 14:25:52 ----------------------
2025/04/21 14:25:52 Docker 高危启动参数 - 特权模式启动容器 漏洞不存在
2025/04/21 14:25:52 ----------------------
2025/04/21 14:25:52 挂载Docker Socket逃逸 漏洞不存在
2025/04/21 14:25:52 ----------------------
2025/04/21 14:25:52 挂载宿主机 procfs 逃逸 漏洞不存在
2025/04/21 14:25:52 ----------------------
2025/04/21 14:25:53 CVE-2024-21626 漏洞不存在
2025/04/21 14:25:53 ----------------------
2025/04/21 14:25:53 CVE-2022-0492 漏洞不存在
2025/04/21 14:25:53 ----------------------
2025/04/21 14:25:53 CAP_SYS_MODULE逃逸 漏洞不存在
2025/04/21 14:25:53 ----------------------
2025/04/21 14:25:54 CVE-2019-5736 漏洞不存在
2025/04/21 14:25:54 ----------------------
