2025/04/16 10:40:39 Docker 高危启动参数 - 特权模式启动容器 漏洞不存在
2025/04/16 10:40:39 ----------------------
2025/04/16 10:40:39 挂载Docker Socket逃逸 漏洞不存在
2025/04/16 10:40:39 ----------------------
2025/04/16 10:40:40 挂载宿主机 procfs 逃逸 漏洞不存在
2025/04/16 10:40:40 ----------------------
2025/04/16 10:40:40 CVE-2024-21626 漏洞不存在
2025/04/16 10:40:40 ----------------------
2025/04/16 10:40:40 CVE-2022-0492 漏洞不存在
2025/04/16 10:40:40 ----------------------
2025/04/16 10:40:40 CAP_SYS_MODULE逃逸 漏洞不存在
2025/04/16 10:40:40 ----------------------
2025/04/16 10:40:40 CVE-2019-5736 漏洞不存在
2025/04/16 10:40:40 ----------------------
2025/04/16 10:40:40 Docker 高危启动参数 - 特权模式启动容器 漏洞不存在
2025/04/16 10:40:40 ----------------------
2025/04/16 10:40:40 挂载Docker Socket逃逸 漏洞不存在
2025/04/16 10:40:40 ----------------------
2025/04/16 10:40:41 挂载宿主机 procfs 逃逸 漏洞不存在
2025/04/16 10:40:41 ----------------------
2025/04/16 10:40:41 CVE-2024-21626 漏洞不存在
2025/04/16 10:40:41 ----------------------
2025/04/16 10:40:41 CVE-2022-0492 漏洞不存在
2025/04/16 10:40:41 ----------------------
2025/04/16 10:40:41 CAP_SYS_MODULE逃逸 漏洞不存在
2025/04/16 10:40:41 ----------------------
2025/04/16 10:40:41 CVE-2019-5736 漏洞不存在
2025/04/16 10:40:41 ----------------------
