2025/04/17 16:23:47 Docker 高危启动参数 - 特权模式启动容器 漏洞不存在
2025/04/17 16:23:47 ----------------------
2025/04/17 16:23:47 挂载Docker Socket逃逸 漏洞不存在
2025/04/17 16:23:47 ----------------------
2025/04/17 16:23:47 挂载宿主机 procfs 逃逸 漏洞不存在
2025/04/17 16:23:47 ----------------------
2025/04/17 16:23:47 CVE-2024-21626 漏洞不存在
2025/04/17 16:23:47 ----------------------
2025/04/17 16:23:48 CVE-2022-0492 漏洞不存在
2025/04/17 16:23:48 ----------------------
2025/04/17 16:23:48 CAP_SYS_MODULE逃逸 漏洞不存在
2025/04/17 16:23:48 ----------------------
2025/04/17 16:23:48 CVE-2019-5736 漏洞不存在
2025/04/17 16:23:48 ----------------------
2025/04/17 16:23:48 Docker 高危启动参数 - 特权模式启动容器 漏洞不存在
2025/04/17 16:23:48 ----------------------
2025/04/17 16:23:48 挂载Docker Socket逃逸 漏洞不存在
2025/04/17 16:23:48 ----------------------
2025/04/17 16:23:49 挂载宿主机 procfs 逃逸 漏洞不存在
2025/04/17 16:23:49 ----------------------
2025/04/17 16:23:49 CVE-2024-21626 漏洞不存在
2025/04/17 16:23:49 ----------------------
2025/04/17 16:23:49 CVE-2022-0492 漏洞不存在
2025/04/17 16:23:49 ----------------------
2025/04/17 16:23:49 CAP_SYS_MODULE逃逸 漏洞不存在
2025/04/17 16:23:49 ----------------------
2025/04/17 16:23:49 CVE-2019-5736 漏洞不存在
2025/04/17 16:23:49 ----------------------
