2025/04/21 14:25:36 Docker 高危启动参数 - 特权模式启动容器 漏洞不存在
2025/04/21 14:25:36 ----------------------
2025/04/21 14:25:36 挂载Docker Socket逃逸 漏洞不存在
2025/04/21 14:25:36 ----------------------
2025/04/21 14:25:36 挂载宿主机 procfs 逃逸 漏洞不存在
2025/04/21 14:25:36 ----------------------
2025/04/21 14:25:37 CVE-2024-21626 漏洞不存在
2025/04/21 14:25:37 ----------------------
2025/04/21 14:25:37 CVE-2022-0492 漏洞不存在
2025/04/21 14:25:37 ----------------------
2025/04/21 14:25:37 CAP_SYS_MODULE逃逸 漏洞不存在
2025/04/21 14:25:37 ----------------------
2025/04/21 14:25:38 CVE-2019-5736 漏洞不存在
2025/04/21 14:25:38 ----------------------
2025/04/21 14:25:38 Docker 高危启动参数 - 特权模式启动容器 漏洞不存在
2025/04/21 14:25:38 ----------------------
2025/04/21 14:25:38 挂载Docker Socket逃逸 漏洞不存在
2025/04/21 14:25:38 ----------------------
2025/04/21 14:25:38 挂载宿主机 procfs 逃逸 漏洞不存在
2025/04/21 14:25:38 ----------------------
2025/04/21 14:25:39 CVE-2024-21626 漏洞不存在
2025/04/21 14:25:39 ----------------------
2025/04/21 14:25:39 CVE-2022-0492 漏洞不存在
2025/04/21 14:25:39 ----------------------
2025/04/21 14:25:39 CAP_SYS_MODULE逃逸 漏洞不存在
2025/04/21 14:25:39 ----------------------
2025/04/21 14:25:39 CVE-2019-5736 漏洞不存在
2025/04/21 14:25:39 ----------------------
