2025/04/17 16:24:36 Docker 高危启动参数 - 特权模式启动容器 漏洞不存在
2025/04/17 16:24:36 ----------------------
2025/04/17 16:24:37 挂载Docker Socket逃逸 漏洞不存在
2025/04/17 16:24:37 ----------------------
2025/04/17 16:24:39 挂载宿主机 procfs 逃逸 漏洞不存在
2025/04/17 16:24:39 ----------------------
2025/04/17 16:24:39 CVE-2024-21626 漏洞不存在
2025/04/17 16:24:39 ----------------------
2025/04/17 16:24:39 CVE-2022-0492 漏洞不存在
2025/04/17 16:24:39 ----------------------
2025/04/17 16:24:39 CAP_SYS_MODULE逃逸 漏洞不存在
2025/04/17 16:24:39 ----------------------
2025/04/17 16:24:40 CVE-2019-5736 漏洞不存在
2025/04/17 16:24:40 ----------------------
2025/04/17 16:24:40 Docker 高危启动参数 - 特权模式启动容器 漏洞不存在
2025/04/17 16:24:40 ----------------------
2025/04/17 16:24:40 挂载Docker Socket逃逸 漏洞不存在
2025/04/17 16:24:40 ----------------------
2025/04/17 16:24:42 挂载宿主机 procfs 逃逸 漏洞不存在
2025/04/17 16:24:42 ----------------------
2025/04/17 16:24:42 CVE-2024-21626 漏洞不存在
2025/04/17 16:24:42 ----------------------
2025/04/17 16:24:43 CVE-2022-0492 漏洞不存在
2025/04/17 16:24:43 ----------------------
2025/04/17 16:24:43 CAP_SYS_MODULE逃逸 漏洞不存在
2025/04/17 16:24:43 ----------------------
2025/04/17 16:24:43 CVE-2019-5736 漏洞不存在
2025/04/17 16:24:43 ----------------------
